actionmailer 2.0.2
actionpack 2.0.2
actionwebservice 1.2.3
activerecord 2.0.2
activeresource 2.0.2
activesupport 2.0.2
ar_mailer 1.3.1
attributes 5.0.1
bleak_house 4.0
capistrano 2.4.0
cgi_multipart_eof_fix 2.5.0
daemons 1.0.10
dike 0.0.3
elif 0.1.0
engineyard-eycap 
fastthread 1.0.1
ferret 0.11.6
gem_plugin 0.2.3
gruff 0.3.1
highline 1.4.0
hoe 1.5.3
hpricot 0.6
httpclient 2.1.2
image_science 1.1.3
json 1.1.3
json_pure 1.1.3
memcache-client 1.5.0
memcached 0.11
mocha 0.5.6
mongrel 1.1.5.1
mongrel_cluster 1.0.5
net-scp 1.0.1
net-sftp 2.0.1
net-ssh 2.0.4
net-ssh-gateway 1.0.0
orderedhash 0.0.4
production_log_analyzer 1.5.0
rails 2.0.2
rails_analyzer_tools 1.4.0
rake 0.8.1
rcov 0.8.1.2.0
rfacebook 0.9.8
rmagick 2.3.0
rspec 1.1.3
ruby-openid 2.0.4
ruby-prof 0.7.3
ruby-yadis 0.3.4
rubyforge 0.4.5
rubygems-update 1.1.1
RubyInline 3.6.7
scout 1.1.8
soap4r 1.5.8
SyslogLogger 1.4.0
tzinfo 0.3.8
unicode 0.1
uuidtools 1.0.3
ZenTest 3.9.2
xml-simple
builder
mime-types
oauth
